<?xml version="1.0" encoding="UTF-8"?>
<testng-results ignored="0" total="1" passed="1" failed="0" skipped="0">
  <reporter-output>
  </reporter-output>
  <suite started-at="2024-08-22T13:10:30 CDT" name="Default suite" finished-at="2024-08-22T13:10:44 CDT" duration-ms="14045">
    <groups>
    </groups>
    <test started-at="2024-08-22T13:10:30 CDT" name="Default test" finished-at="2024-08-22T13:10:44 CDT" duration-ms="14045">
      <class name="LoginPageTest">
        <test-method is-config="true" signature="setup()[pri:0, instance:LoginPageTest@6283d8b8]" started-at="2024-08-22T13:10:30 CDT" name="setup" finished-at="2024-08-22T13:10:33 CDT" duration-ms="3375" status="PASS">
          <reporter-output>
          </reporter-output>
        </test-method> <!-- setup -->
        <test-method signature="loginTest()[pri:0, instance:LoginPageTest@6283d8b8]" started-at="2024-08-22T13:10:33 CDT" name="loginTest" finished-at="2024-08-22T13:10:44 CDT" duration-ms="10247" status="PASS">
          <reporter-output>
          </reporter-output>
        </test-method> <!-- loginTest -->
        <test-method is-config="true" signature="teardown()[pri:0, instance:LoginPageTest@6283d8b8]" started-at="2024-08-22T13:10:44 CDT" name="teardown" finished-at="2024-08-22T13:10:44 CDT" duration-ms="366" status="PASS">
          <reporter-output>
          </reporter-output>
        </test-method> <!-- teardown -->
      </class> <!-- LoginPageTest -->
    </test> <!-- Default test -->
  </suite> <!-- Default suite -->
</testng-results>
